<?xml version="1.0" encoding="UTF-8"?>
<!-- Generated by org.testng.reporters.JUnitXMLReporter -->
<testsuite ignored="0" hostname="Ramya" failures="0" tests="3" name="Default test" time="14.15" errors="0" timestamp="2026-01-08T16:21:19 IST">
  <testcase classname="api.test.clearingValidation" name="createUser" time="9.15"/>
  <testcase classname="api.test.clearingValidation" name="createUser" time="1.446"/>
  <testcase classname="api.test.clearingValidation" name="createUser" time="1.32"/>
</testsuite> <!-- Default test -->
