<?xml version="1.0" encoding="UTF-8"?>
<testng-results ignored="0" total="3" passed="3" failed="0" skipped="0">
  <reporter-output>
  </reporter-output>
  <suite started-at="2026-01-08T16:21:05 IST" name="Default suite" finished-at="2026-01-08T16:21:19 IST" duration-ms="14150">
    <groups>
    </groups>
    <test started-at="2026-01-08T16:21:05 IST" name="Default test" finished-at="2026-01-08T16:21:19 IST" duration-ms="14150">
      <class name="api.test.clearingValidation">
        <test-method signature="createUser(java.lang.String,java.lang.String)[pri:0, instance:api.test.clearingValidation@62f4ff3b]" started-at="2026-01-08T16:21:07 IST" name="createUser" data-provider="clearingData" finished-at="2026-01-08T16:21:17 IST" duration-ms="9150" status="PASS">
          <params>
            <param index="0">
              <value>
                <![CDATA[code]]>
              </value>
            </param>
            <param index="1">
              <value>
                <![CDATA[code]]>
              </value>
            </param>
          </params>
          <reporter-output>
          </reporter-output>
        </test-method> <!-- createUser -->
        <test-method signature="createUser(java.lang.String,java.lang.String)[pri:0, instance:api.test.clearingValidation@62f4ff3b]" started-at="2026-01-08T16:21:17 IST" name="createUser" data-provider="clearingData" finished-at="2026-01-08T16:21:18 IST" duration-ms="1446" status="PASS">
          <params>
            <param index="0">
              <value>
                <![CDATA[type]]>
              </value>
            </param>
            <param index="1">
              <value>
                <![CDATA[type]]>
              </value>
            </param>
          </params>
          <reporter-output>
          </reporter-output>
        </test-method> <!-- createUser -->
        <test-method signature="createUser(java.lang.String,java.lang.String)[pri:0, instance:api.test.clearingValidation@62f4ff3b]" started-at="2026-01-08T16:21:18 IST" name="createUser" data-provider="clearingData" finished-at="2026-01-08T16:21:19 IST" duration-ms="1320" status="PASS">
          <params>
            <param index="0">
              <value>
                <![CDATA[message]]>
              </value>
            </param>
            <param index="1">
              <value>
                <![CDATA[message]]>
              </value>
            </param>
          </params>
          <reporter-output>
          </reporter-output>
        </test-method> <!-- createUser -->
      </class> <!-- api.test.clearingValidation -->
    </test> <!-- Default test -->
  </suite> <!-- Default suite -->
</testng-results>
