<?xml version="1.0" encoding="UTF-8"?>
<!-- Generated by org.testng.reporters.JUnitXMLReporter -->
<testsuite ignored="0" hostname="Ramya" failures="0" tests="6" name="petTest" time="15.642" errors="0" timestamp="2026-01-06T00:02:10 IST">
  <testcase classname="api.test.userTestProperty" name="createUser" time="5.479"/>
  <testcase classname="api.test.userTestProperty" name="createUser" time="1.164"/>
  <testcase classname="api.test.userTestProperty" name="createUser" time="1.103"/>
  <testcase classname="api.test.userTestProperty" name="deleteUser" time="1.45"/>
  <testcase classname="api.test.userTestProperty" name="deleteUser" time="1.178"/>
  <testcase classname="api.test.userTestProperty" name="deleteUser" time="1.132"/>
</testsuite> <!-- petTest -->
