<?xml version="1.0" encoding="UTF-8"?>
<!-- Generated by org.testng.reporters.JUnitReportReporter -->
<testsuite hostname="Ramya" failures="0" tests="3" name="api.test.clearingValidation" time="11.916" errors="0" timestamp="2026-01-08T16:21:20 IST" skipped="0">
  <testcase classname="api.test.clearingValidation" name="createUser" time="1.320"/>
  <testcase classname="api.test.clearingValidation" name="createUser" time="1.446"/>
  <testcase classname="api.test.clearingValidation" name="createUser" time="9.150"/>
</testsuite> <!-- api.test.clearingValidation -->
