<?xml version="1.0" encoding="UTF-8"?>
<!-- Generated by org.testng.reporters.JUnitReportReporter -->
<testsuite hostname="Ramya" failures="0" tests="4" name="api.test.userTest" time="9.207" errors="0" timestamp="2026-01-04T00:01:21 IST" skipped="0">
  <testcase classname="api.test.userTest" name="createUser" time="5.123"/>
  <testcase classname="api.test.userTest" name="getUser" time="1.380"/>
  <testcase classname="api.test.userTest" name="updateUser" time="1.302"/>
  <testcase classname="api.test.userTest" name="deleteUser" time="1.402"/>
</testsuite> <!-- api.test.userTest -->
