<?xml version="1.0" encoding="UTF-8"?>
<!-- Generated by org.testng.reporters.JUnitReportReporter -->
<testsuite hostname="Ramya" failures="0" tests="6" name="api.test.userTestProperty" time="15.281" errors="0" timestamp="2026-01-08T15:11:24 IST" skipped="0">
  <testcase classname="api.test.userTestProperty" name="createUser" time="8.686"/>
  <testcase classname="api.test.userTestProperty" name="createUser" time="1.270"/>
  <testcase classname="api.test.userTestProperty" name="createUser" time="1.441"/>
  <testcase classname="api.test.userTestProperty" name="deleteUser" time="1.456"/>
  <testcase classname="api.test.userTestProperty" name="deleteUser" time="1.222"/>
  <testcase classname="api.test.userTestProperty" name="deleteUser" time="1.206"/>
</testsuite> <!-- api.test.userTestProperty -->
