<?xml version="1.0" encoding="UTF-8"?>
<!-- Generated by org.testng.reporters.JUnitReportReporter -->
<testsuite hostname="Ramya" failures="0" tests="6" name="api.test.userTestProperty" time="11.309" errors="0" timestamp="2026-01-04T12:37:14 IST" skipped="0">
  <testcase classname="api.test.userTestProperty" name="createUser" time="1.223"/>
  <testcase classname="api.test.userTestProperty" name="createUser" time="4.748"/>
  <testcase classname="api.test.userTestProperty" name="createUser" time="1.437"/>
  <testcase classname="api.test.userTestProperty" name="deleteUser" time="1.313"/>
  <testcase classname="api.test.userTestProperty" name="deleteUser" time="1.225"/>
  <testcase classname="api.test.userTestProperty" name="deleteUser" time="1.363"/>
</testsuite> <!-- api.test.userTestProperty -->
