<?xml version="1.0" encoding="UTF-8"?>
<!-- Generated by org.testng.reporters.JUnitReportReporter -->
<testsuite hostname="Ramya" failures="0" tests="6" name="api.test.datadrivenTest" time="11.583" errors="0" timestamp="2026-01-03T22:43:24 IST" skipped="0">
  <testcase classname="api.test.datadrivenTest" name="createUser" time="1.329"/>
  <testcase classname="api.test.datadrivenTest" name="createUser" time="1.352"/>
  <testcase classname="api.test.datadrivenTest" name="createUser" time="4.977"/>
  <testcase classname="api.test.datadrivenTest" name="deleteUser" time="1.250"/>
  <testcase classname="api.test.datadrivenTest" name="deleteUser" time="1.324"/>
  <testcase classname="api.test.datadrivenTest" name="deleteUser" time="1.351"/>
</testsuite> <!-- api.test.datadrivenTest -->
