<?xml version="1.0" encoding="UTF-8"?>
<!-- Generated by org.testng.reporters.JUnitReportReporter -->
<testsuite hostname="Ramya" failures="0" tests="6" name="api.test.userTestProperty" time="11.506" errors="0" timestamp="2026-01-06T00:02:11 IST" skipped="0">
  <testcase classname="api.test.userTestProperty" name="createUser" time="1.103"/>
  <testcase classname="api.test.userTestProperty" name="createUser" time="5.479"/>
  <testcase classname="api.test.userTestProperty" name="createUser" time="1.164"/>
  <testcase classname="api.test.userTestProperty" name="deleteUser" time="1.132"/>
  <testcase classname="api.test.userTestProperty" name="deleteUser" time="1.450"/>
  <testcase classname="api.test.userTestProperty" name="deleteUser" time="1.178"/>
</testsuite> <!-- api.test.userTestProperty -->
