<?xml version="1.0" encoding="UTF-8"?>
<!-- Generated by org.testng.reporters.JUnitXMLReporter -->
<testsuite ignored="0" hostname="Ramya" failures="0" tests="3" name="petTest" time="15.561" errors="0" timestamp="2026-01-08T16:19:55 IST">
  <testcase classname="api.test.clearingValidation" name="createUser" time="9.486"/>
  <testcase classname="api.test.clearingValidation" name="createUser" time="1.622"/>
  <testcase classname="api.test.clearingValidation" name="createUser" time="1.502"/>
</testsuite> <!-- petTest -->
